[handleMsg]:  {
  key: {
    remoteJid: '5215622141992@s.whatsapp.net',
    fromMe: false,
    id: '3E972710CCF7AECE08702B4325D306C5',
    participant: undefined
  },
  messageTimestamp: 1688795382,
  pushName: 'Mami Brows.mx  by Karen barragán',
  broadcast: false,
  message: Message {
    conversation: 'Hey',
    messageContextInfo: MessageContextInfo {
      deviceListMetadata: [DeviceListMetadata],
      deviceListMetadataVersion: 2
    }
  },
  body: 'Hey',
  from: '5215622141992'
}
[handleMsg]:  {
  key: {
    remoteJid: '5215622141992@s.whatsapp.net',
    fromMe: false,
    id: '1D1970113B27F9080B0B6BA5A922289F',
    participant: undefined
  },
  messageTimestamp: 1688795386,
  pushName: 'Mami Brows.mx  by Karen barragán',
  broadcast: false,
  message: Message {
    conversation: 'Registro',
    messageContextInfo: MessageContextInfo {
      deviceListMetadata: [DeviceListMetadata],
      deviceListMetadataVersion: 2
    }
  },
  body: 'Registro',
  from: '5215622141992'
}
[handleMsg]:  {
  key: {
    remoteJid: '5215622141992@s.whatsapp.net',
    fromMe: false,
    id: '6B909770F23457F8CD57920A3A3EF268',
    participant: undefined
  },
  messageTimestamp: 1688795399,
  pushName: 'Mami Brows.mx  by Karen barragán',
  broadcast: false,
  message: Message {
    conversation: '251777',
    messageContextInfo: MessageContextInfo {
      deviceListMetadata: [DeviceListMetadata],
      deviceListMetadataVersion: 2
    }
  },
  body: '251777',
  from: '5215622141992'
}
[handleMsg]:  {
  key: {
    remoteJid: '5215622141992@s.whatsapp.net',
    fromMe: false,
    id: '183D5BA1F9809DB5B5B55EE7A7674803',
    participant: undefined
  },
  messageTimestamp: 1688795405,
  pushName: 'Mami Brows.mx  by Karen barragán',
  broadcast: false,
  message: Message {
    conversation: 'Maria Cristina',
    messageContextInfo: MessageContextInfo {
      deviceListMetadata: [DeviceListMetadata],
      deviceListMetadataVersion: 2
    }
  },
  body: 'Maria Cristina',
  from: '5215622141992'
}
[handleMsg]:  {
  key: {
    remoteJid: '5215622141992@s.whatsapp.net',
    fromMe: false,
    id: 'EC3AA7A8CF0F098859549FA763857AA6',
    participant: undefined
  },
  messageTimestamp: 1688795418,
  pushName: 'Mami Brows.mx  by Karen barragán',
  broadcast: false,
  message: Message {
    conversation: 'Flores Campos',
    messageContextInfo: MessageContextInfo {
      deviceListMetadata: [DeviceListMetadata],
      deviceListMetadataVersion: 2
    }
  },
  body: 'Flores Campos',
  from: '5215622141992'
}
[handleMsg]:  {
  key: {
    remoteJid: '5215622141992@s.whatsapp.net',
    fromMe: false,
    id: '33CD5C5E7225DB6C93D46EDF4A0C04C3',
    participant: undefined
  },
  messageTimestamp: 1688795438,
  pushName: 'Mami Brows.mx  by Karen barragán',
  broadcast: false,
  message: Message {
    conversation: 'Maria@gmail.com',
    messageContextInfo: MessageContextInfo {
      deviceListMetadata: [DeviceListMetadata],
      deviceListMetadataVersion: 2
    }
  },
  body: 'Maria@gmail.com',
  from: '5215622141992'
}
